

times in msec
 clock   self+sourced   self:  sourced script
 clock   elapsed:              other lines

000.006  000.006: --- NVIM STARTING ---
000.164  000.159: event init
000.343  000.179: early init
001.073  000.730: locale set
001.115  000.042: init first window
001.651  000.536: inits 1
001.669  000.018: window checked
001.671  000.002: parsing arguments
002.193  000.088  000.088: require('vim.shared')
002.313  000.044  000.044: require('vim._meta')
002.315  000.117  000.074: require('vim._editor')
002.317  000.253  000.047: require('vim._init_packages')
002.318  000.395: init lua interpreter
005.820  003.501: expanding arguments
005.879  000.059: inits 2
006.195  000.316: init highlight
006.196  000.002: waiting for UI
009.089  002.893: done waiting for UI
009.108  000.019: clear screen
009.343  000.234: init default mappings
009.365  000.023: init default autocommands
012.651  000.090  000.090: sourcing /opt/homebrew/Cellar/neovim/HEAD-3de2a7f/share/nvim/runtime/ftplugin.vim
013.149  000.028  000.028: sourcing /opt/homebrew/Cellar/neovim/HEAD-3de2a7f/share/nvim/runtime/indent.vim
021.965  008.457  008.457: require('impatient')
022.632  000.074  000.074: require('colorizer/nvim')
022.765  000.010  000.010: require('ffi')
022.855  000.221  000.211: require('colorizer/trie')
022.970  000.549  000.254: require('colorizer')
023.569  001.492  000.943: require('modules.core.settings')
023.787  000.088  000.088: require('telescope._extensions')
023.789  000.147  000.059: require('telescope')
024.732  000.062  000.062: require('vim.treesitter.language')
024.759  000.177  000.114: require('vim.treesitter.query')
024.856  000.095  000.095: require('vim.treesitter.languagetree')
024.864  000.396  000.125: require('vim.treesitter')
024.976  000.639  000.243: require('nvim-treesitter.parsers')
025.073  000.096  000.096: require('nvim-treesitter.utils')
025.077  000.826  000.091: require('nvim-treesitter.ts_utils')
025.212  000.081  000.081: require('refactoring.point')
025.216  000.138  000.056: require('refactoring.region')
025.693  000.044  000.044: require('plenary.tbl')
025.696  000.089  000.045: require('plenary.vararg.rotate')
025.697  000.135  000.046: require('plenary.vararg')
025.739  000.041  000.041: require('plenary.errors')
025.784  000.044  000.044: require('plenary.functional')
025.787  000.277  000.057: require('plenary.async.async')
026.022  000.099  000.099: require('plenary.async.structs')
026.028  000.152  000.053: require('plenary.async.control')
026.033  000.203  000.051: require('plenary.async.util')
026.035  000.247  000.044: require('plenary.async.tests')
026.036  000.819  000.295: require('plenary.async')
026.040  001.902  000.119: require('refactoring.utils')
026.108  000.067  000.067: require('refactoring.pipeline')
026.167  000.058  000.058: require('refactoring.tasks.selection_setup')
026.224  000.057  000.057: require('refactoring.tasks.ensure_code_gen')
026.276  000.050  000.050: require('refactoring.code_generation.utils')
026.519  000.045  000.045: require('refactoring.code_generation.indent')
026.525  000.103  000.059: require('refactoring.code_generation.langs.typescript')
026.527  000.153  000.050: require('refactoring.code_generation.langs.javascript')
026.577  000.049  000.049: require('refactoring.code_generation.langs.lua')
026.634  000.056  000.056: require('refactoring.code_generation.langs.go')
026.686  000.051  000.051: require('refactoring.code_generation.langs.cpp')
026.734  000.047  000.047: require('refactoring.code_generation.langs.c')
026.789  000.054  000.054: require('refactoring.code_generation.langs.python')
026.839  000.049  000.049: require('refactoring.code_generation.langs.php')
026.889  000.049  000.049: require('refactoring.code_generation.langs.java')
026.938  000.049  000.049: require('refactoring.code_generation.langs.ruby')
026.940  000.613  000.057: require('refactoring.code_generation')
026.942  000.665  000.052: require('refactoring.lsp_utils')
027.118  000.128  000.128: require('refactoring.config')
027.170  000.051  000.051: require('refactoring.query')
027.277  000.061  000.061: require('refactoring.treesitter.treesitter')
027.438  000.048  000.048: require('refactoring.treesitter.nodes')
027.440  000.104  000.055: require('refactoring.treesitter.langs.typescript')
027.489  000.048  000.048: require('refactoring.treesitter.langs.cpp')
027.537  000.046  000.046: require('refactoring.treesitter.langs.c')
027.584  000.046  000.046: require('refactoring.treesitter.langs.go')
027.632  000.047  000.047: require('refactoring.treesitter.langs.lua')
027.680  000.047  000.047: require('refactoring.treesitter.langs.python')
027.731  000.050  000.050: require('refactoring.treesitter.langs.javascript')
027.780  000.047  000.047: require('refactoring.treesitter.langs.php')
027.829  000.048  000.048: require('refactoring.treesitter.langs.java')
027.880  000.050  000.050: require('refactoring.treesitter.langs.ruby')
027.882  000.712  000.116: require('refactoring.treesitter')
027.884  000.940  000.050: require('refactoring.tasks.refactor_setup')
027.926  000.042  000.042: require('refactoring.get_input')
027.969  000.042  000.042: require('refactoring.tasks.create_file')
028.047  000.039  000.039: require('refactoring.tasks.format')
028.088  000.041  000.041: require('refactoring.tasks.adjust_cursor')
028.130  000.040  000.040: require('refactoring.tasks.apply_text_edits')
028.131  000.161  000.042: require('refactoring.tasks.post_refactor')
028.135  004.089  000.106: require('refactoring.refactor.106')
028.186  000.050  000.050: require('refactoring.refactor.119')
028.274  000.042  000.042: require('refactoring.get_select_input')
028.669  000.076  000.076: require('nvim-treesitter.tsrange')
028.723  000.051  000.051: require('nvim-treesitter.caching')
028.729  000.315  000.188: require('nvim-treesitter.query')
028.738  000.426  000.112: require('nvim-treesitter.locals')
028.740  000.465  000.039: require('refactoring.ts')
028.743  000.556  000.049: require('refactoring.refactor.123')
028.747  004.827  000.132: require('refactoring.refactor')
028.908  000.046  000.046: require('refactoring.debug.debug_utils')
028.910  000.103  000.057: require('refactoring.debug.printf')
028.965  000.054  000.054: require('refactoring.debug.print_var')
029.013  000.047  000.047: require('refactoring.debug.get_path')
029.108  000.093  000.093: require('refactoring.debug.cleanup')
029.111  000.361  000.063: require('refactoring.debug')
029.113  005.253  000.065: require('refactoring')
029.115  005.324  000.071: require('telescope._extensions.refactoring')
029.237  000.004  000.004: require('vim.keymap')
029.249  005.679  000.203: require('modules.core.mappings')
029.750  000.063  000.063: require('gruvbox-baby.hsluv')
029.832  000.080  000.080: require('gruvbox-baby.theme')
029.834  000.201  000.057: require('gruvbox-baby.util')
029.836  000.262  000.062: require('gruvbox-baby')
029.898  000.061  000.061: require('gruvbox-baby.config')
030.017  000.118  000.118: require('gruvbox-baby.colors')
030.809  000.067  000.067: require('vim.treesitter.highlighter')
031.105  000.434  000.366: require('gruvbox-baby.ts-fix')
031.108  001.562  000.687: sourcing /Users/david.eriksson/.local/share/nvim/site/pack/packer/start/gruvbox-baby/colors/gruvbox-baby.vim
031.259  002.009  000.447: require('modules.core.colors.gruvboxbby')
031.411  000.041  000.041: require('noice.util.lazy')
031.415  000.097  000.056: require('noice')
031.490  000.074  000.074: require('noice.api')
031.539  000.047  000.047: require('noice.api.status')
031.657  000.052  000.052: require('lualine_require')
031.900  000.353  000.301: require('lualine')
032.757  000.051  000.051: require('lualine.themes.gruvbox_dark')
035.052  000.072  000.072: require('lualine.utils.mode')
037.308  000.054  000.054: require('lualine.extensions.nerdtree')
037.411  006.150  005.401: require('modules.core.lualine')
037.471  000.059  000.059: require('modules.core.scratch')
037.798  000.040  000.040: require('luasnip.session')
037.858  000.059  000.059: require('luasnip.util.util')
037.896  000.037  000.037: require('luasnip.util.types')
037.978  000.041  000.041: require('luasnip.util.ext_opts')
038.006  000.109  000.068: require('luasnip.nodes.util')
038.044  000.037  000.037: require('luasnip.util.events')
038.049  000.344  000.062: require('luasnip.nodes.node')
038.166  000.042  000.042: require('luasnip.util.extend_decorator')
038.172  000.121  000.079: require('luasnip.nodes.insertNode')
038.223  000.050  000.050: require('luasnip.nodes.textNode')
038.265  000.040  000.040: require('luasnip.util.mark')
038.530  000.225  000.225: require('luasnip.util._builtin_vars')
038.580  000.048  000.048: require('vim.inspect')
038.607  000.342  000.069: require('luasnip.util.environ')
038.652  000.043  000.043: require('luasnip.util.pattern_tokenizer')
038.687  000.035  000.035: require('luasnip.util.dict')
038.737  000.049  000.049: require('luasnip.session.snippet_collection')
038.769  001.135  000.110: require('luasnip.nodes.snippet')
038.856  000.043  000.043: require('luasnip.loaders._caches')
038.908  000.051  000.051: require('luasnip.util.path')
038.917  000.147  000.052: require('luasnip.loaders')
038.982  000.058  000.058: require('luasnip.nodes.functionNode')
039.052  000.068  000.068: require('luasnip.nodes.choiceNode')
039.130  000.077  000.077: require('luasnip.nodes.dynamicNode')
039.188  000.057  000.057: require('luasnip.nodes.restoreNode')
039.316  000.041  000.041: require('luasnip.util.parser.neovim_ast')
040.356  000.044  000.044: require('luasnip.util.directed_graph')
040.361  001.131  001.046: require('luasnip.util.parser.ast_utils')
040.442  000.036  000.036: require('luasnip.util.functions')
040.445  000.083  000.047: require('luasnip.util.parser.ast_parser')
040.516  000.071  000.071: require('luasnip.util.parser.neovim_parser')
040.555  000.038  000.038: require('luasnip.util.str')
040.557  001.368  000.045: require('luasnip.util.parser')
040.645  000.041  000.041: require('luasnip.extras.filetype_functions')
040.697  000.047  000.047: require('luasnip.extras')
040.738  000.039  000.039: require('luasnip.extras.fmt')
040.849  000.037  000.037: require('luasnip.extras.conditions')
040.887  000.035  000.035: require('luasnip.extras.conditions.show')
040.889  000.115  000.044: require('luasnip.extras.conditions.expand')
040.890  000.151  000.036: require('luasnip.extras.expand_conditions')
040.932  000.040  000.040: require('luasnip.nodes.absolute_indexer')
041.275  000.717  000.399: require('luasnip.config')
041.277  003.708  000.083: require('luasnip')
041.703  004.184  000.476: require('modules.core.snip.autofill_props_tsx')
041.749  000.045  000.045: require('modules.core.snip.extensions')
041.751  004.278  000.049: require('modules.core.snip')
042.004  000.036  000.036: require('nvim-lsp-installer.core.functional.data')
042.046  000.041  000.041: require('nvim-lsp-installer.core.functional.function')
042.090  000.043  000.043: require('nvim-lsp-installer.core.functional.list')
042.131  000.038  000.038: require('nvim-lsp-installer.core.functional.relation')
042.171  000.039  000.039: require('nvim-lsp-installer.core.functional.logic')
042.214  000.041  000.041: require('nvim-lsp-installer.core.functional.number')
042.255  000.040  000.040: require('nvim-lsp-installer.core.functional.string')
042.319  000.063  000.063: require('nvim-lsp-installer.core.functional.table')
042.358  000.038  000.038: require('nvim-lsp-installer.core.functional.type')
042.359  000.437  000.057: require('nvim-lsp-installer.core.functional')
042.398  000.038  000.038: require('nvim-lsp-installer.core.path')
042.445  000.046  000.046: require('nvim-lsp-installer.settings')
042.553  000.052  000.052: require('nvim-lsp-installer.core.result')
042.588  000.142  000.090: require('nvim-lsp-installer.core.platform')
042.599  000.721  000.057: require('nvim-lsp-installer.log')
042.648  000.049  000.049: require('nvim-lsp-installer.core.async')
042.685  000.036  000.036: require('nvim-lsp-installer.core.async.uv')
042.689  000.855  000.049: require('nvim-lsp-installer.core.fs')
042.729  000.040  000.040: require('nvim-lsp-installer.notify')
042.765  000.035  000.035: require('nvim-lsp-installer.dispatcher')
042.856  000.079  000.079: require('nvim-lsp-installer.core.process')
043.018  000.071  000.071: require('nvim-lsp-installer.core.ui')
043.111  000.040  000.040: require('nvim-lsp-installer.core.ui.state')
043.112  000.094  000.054: require('nvim-lsp-installer.core.ui.display')
043.209  000.096  000.096: require('nvim-lsp-installer.servers')
043.261  000.051  000.051: require('nvim-lsp-installer.jobs.pool')
043.361  000.049  000.049: require('nvim-lsp-installer.jobs.outdated-servers.version-check-result')
043.472  000.054  000.054: require('nvim-lsp-installer.core.spawn')
043.525  000.052  000.052: require('nvim-lsp-installer.core.optional')
043.580  000.055  000.055: require('nvim-lsp-installer.core.installer')
043.583  000.221  000.060: require('nvim-lsp-installer.core.managers.npm')
043.640  000.056  000.056: require('nvim-lsp-installer.core.managers.pip3')
043.691  000.050  000.050: require('nvim-lsp-installer.core.managers.git')
043.745  000.053  000.053: require('nvim-lsp-installer.core.managers.gem')
043.796  000.051  000.051: require('nvim-lsp-installer.core.managers.go')
043.987  000.058  000.058: require('nvim-lsp-installer.core.managers.powershell')
043.989  000.105  000.048: require('nvim-lsp-installer.core.fetch')
043.991  000.148  000.043: require('nvim-lsp-installer.core.managers.cargo.client')
043.993  000.196  000.048: require('nvim-lsp-installer.core.managers.cargo')
044.119  000.071  000.071: require('nvim-lsp-installer.core.managers.std')
044.173  000.054  000.054: require('nvim-lsp-installer.core.managers.github.client')
044.194  000.200  000.076: require('nvim-lsp-installer.core.managers.github')
044.250  000.054  000.054: require('nvim-lsp-installer.core.managers.composer')
044.343  000.047  000.047: require('nvim-lsp-installer.core.clients.eclipse')
044.344  000.093  000.047: require('nvim-lsp-installer.jobs.outdated-servers.jdtls')
044.417  000.072  000.072: require('nvim-lsp-installer.core.managers.luarocks')
044.421  001.159  000.063: require('nvim-lsp-installer.jobs.outdated-servers')
044.473  000.051  000.051: require('nvim-lsp-installer.jobs.version-check')
044.520  000.047  000.047: require('nvim-lsp-installer.ui.server_hints')
044.575  000.053  000.053: require('nvim-lsp-installer.ui.components.settings-schema')
044.580  001.723  000.101: require('nvim-lsp-installer.ui')
044.651  000.069  000.069: require('nvim-lsp-installer._generated.language_autocomplete_map')
044.759  000.108  000.108: require('nvim-lsp-installer._generated.filetype_map')
044.768  002.982  000.074: require('nvim-lsp-installer')
045.232  000.109  000.109: require('vim.lsp.log')
045.562  000.008  000.008: require('vim.F')
045.563  000.330  000.322: require('vim.lsp.protocol')
045.790  000.134  000.134: require('vim.lsp._snippet')
045.840  000.049  000.049: require('vim.highlight')
045.854  000.290  000.107: require('vim.lsp.util')
045.862  000.835  000.106: require('vim.lsp.handlers')
046.480  000.616  000.616: require('vim.lsp.rpc')
046.626  000.145  000.145: require('vim.lsp.sync')
046.937  000.310  000.310: require('vim.lsp.buf')
047.058  000.119  000.119: require('vim.lsp.diagnostic')
047.169  000.110  000.110: require('vim.lsp.codelens')
047.275  002.361  000.225: require('vim.lsp')
047.325  002.466  000.105: require('lspconfig.util')
047.330  002.516  000.050: require('nvim-lsp-installer.middleware')
047.333  005.581  000.083: require('modules.core.lsp-installer')
047.469  000.066  000.066: require('modules.core.autocmd.run')
047.470  000.136  000.070: require('modules.core.autocmd')
047.580  000.060  000.060: require('modules.core.usercmd.uuid')
047.634  000.054  000.054: require('modules.core.usercmd.git')
047.635  000.164  000.050: require('modules.core.usercmd')
047.636  025.668  000.120: require('modules.core')
047.788  000.086  000.086: require('utils')
048.092  000.294  000.294: require('vim.diagnostic')
048.309  000.042  000.042: require('cmp_nvim_lsp.source')
048.312  000.122  000.080: require('cmp_nvim_lsp')
048.346  000.032  000.032: require('modules.lsp.tsserver')
048.421  000.041  000.041: require('lspconfig.configs')
048.438  000.091  000.051: require('lspconfig')
048.546  000.067  000.067: require('nvim-lsp-ts-utils.options')
048.588  000.041  000.041: require('nvim-lsp-ts-utils.utils')
048.624  000.035  000.035: require('nvim-lsp-ts-utils.client')
048.660  000.035  000.035: require('nvim-lsp-ts-utils.define-commands')
048.697  000.036  000.036: require('nvim-lsp-ts-utils.organize-imports')
048.740  000.043  000.043: require('nvim-lsp-ts-utils.import-all')
048.777  000.037  000.037: require('nvim-lsp-ts-utils.rename-file')
048.819  000.041  000.041: require('nvim-lsp-ts-utils.import-on-completion')
048.894  000.033  000.033: require('nvim-lsp-ts-utils.loop')
048.897  000.077  000.044: require('nvim-lsp-ts-utils.watcher')
048.937  000.040  000.040: require('nvim-lsp-ts-utils.inlay-hints')
048.939  000.500  000.048: require('nvim-lsp-ts-utils')
048.980  000.040  000.040: require('lspconfig.server_configurations.tsserver')
049.394  000.040  000.040: require('nvim-lsp-installer.core.receipt')
049.398  000.085  000.045: require('nvim-lsp-installer.core.installer.context')
049.401  000.128  000.042: require('nvim-lsp-installer.server')
049.403  000.171  000.044: require('nvim-lsp-installer.servers.tsserver')
049.526  000.037  000.037: require('modules.lsp.sumneko_lua')
049.567  000.039  000.039: require('lspconfig.server_configurations.sumneko_lua')
049.724  000.044  000.044: require('nvim-lsp-installer.servers.sumneko_lua')
049.767  000.032  000.032: require('modules.lsp.csharp_ls')
049.807  000.038  000.038: require('lspconfig.server_configurations.csharp_ls')
049.964  000.040  000.040: require('nvim-lsp-installer.core.managers.dotnet')
049.965  000.078  000.039: require('nvim-lsp-installer.servers.csharp_ls')
050.003  000.029  000.029: require('modules.lsp.clangd')
050.043  000.039  000.039: require('lspconfig.server_configurations.clangd')
050.201  000.038  000.038: require('nvim-lsp-installer.servers.clangd')
050.244  000.029  000.029: require('modules.lsp.rust_analyzer')
050.284  000.038  000.038: require('lspconfig.server_configurations.rust_analyzer')
050.349  000.038  000.038: require('nvim-lsp-installer.servers.rust_analyzer')
050.385  000.029  000.029: require('modules.lsp.bashls')
050.425  000.038  000.038: require('lspconfig.server_configurations.bashls')
050.505  000.035  000.035: require('nvim-lsp-installer.servers.bashls')
050.583  000.029  000.029: require('modules.lsp.pylsp')
050.618  000.034  000.034: require('lspconfig.server_configurations.pylsp')
050.722  000.048  000.048: require('nvim-lsp-installer.servers.pylsp')
050.780  000.042  000.042: require('modules.lsp.css')
050.830  000.049  000.049: require('lspconfig.server_configurations.cssls')
050.984  000.037  000.037: require('nvim-lsp-installer.servers.vscode-langservers-extracted')
050.985  000.074  000.037: require('nvim-lsp-installer.servers.cssls')
051.026  000.030  000.030: require('modules.lsp.cssmodules')
051.063  000.036  000.036: require('lspconfig.server_configurations.cssmodules_ls')
051.156  000.058  000.058: require('nvim-lsp-installer.servers.cssmodules_ls')
051.198  000.031  000.031: require('modules.lsp.astro')
051.238  000.038  000.038: require('lspconfig.server_configurations.astro')
051.295  000.036  000.036: require('nvim-lsp-installer.servers.astro')
051.331  000.028  000.028: require('modules.lsp.tailwind')
051.376  000.044  000.044: require('lspconfig.server_configurations.tailwindcss')
051.442  000.038  000.038: require('nvim-lsp-installer.servers.tailwindcss')
051.492  003.853  001.319: require('modules.lsp')
052.256  000.040  000.040: require('packer.util')
052.286  000.150  000.110: require('packer')
052.471  000.091  000.091: require('packer.log')
052.473  000.127  000.036: require('packer.async')
052.545  000.034  000.034: require('packer.result')
052.547  000.073  000.039: require('packer.jobs')
052.550  000.250  000.050: require('packer.plugin_utils')
052.599  000.040  000.040: require('packer.snapshot')
052.838  001.314  000.875: require('modules.plugins.packer')
052.931  000.056  000.056: require('nvim-treesitter.configs')
053.041  000.037  000.037: require('nvim-treesitter.info')
053.090  000.047  000.047: require('nvim-treesitter.shell_command_selectors')
053.099  000.148  000.064: require('nvim-treesitter.install')
056.538  003.699  003.496: require('modules.plugins.treesitter')
056.848  000.037  000.037: require('plenary.bit')
056.859  000.100  000.063: require('plenary.path')
056.863  000.142  000.042: require('plenary.strings')
056.899  000.034  000.034: require('telescope.deprecated')
057.042  000.069  000.069: require('plenary.log')
057.051  000.109  000.040: require('telescope.log')
057.149  000.050  000.050: require('plenary.job')
057.184  000.034  000.034: require('telescope.state')
057.187  000.135  000.051: require('telescope.utils')
057.190  000.291  000.047: require('telescope.sorters')
058.361  001.688  001.221: require('telescope.config')
058.461  000.043  000.043: require('plenary.window.border')
058.495  000.033  000.033: require('plenary.window')
058.527  000.032  000.032: require('plenary.popup.utils')
058.529  000.166  000.058: require('plenary.popup')
058.567  000.037  000.037: require('telescope.pickers.scroller')
058.601  000.034  000.034: require('telescope.actions.state')
058.636  000.034  000.034: require('telescope.actions.utils')
058.709  000.035  000.035: require('telescope.actions.mt')
058.715  000.078  000.043: require('telescope.actions.set')
058.787  000.036  000.036: require('telescope.config.resolve')
058.788  000.072  000.036: require('telescope.pickers.entry_display')
058.820  000.032  000.032: require('telescope.from_entry')
058.900  002.311  000.170: require('telescope.actions')
058.972  000.035  000.035: require('telescope.previewers.previewer')
059.057  000.085  000.085: require('telescope.previewers.term_previewer')
059.193  000.032  000.032: require('plenary.context_manager')
059.260  000.032  000.032: require('nvim-treesitter.statusline')
059.296  000.035  000.035: require('nvim-treesitter.query_predicates')
059.297  000.102  000.035: require('nvim-treesitter')
059.299  000.174  000.040: require('telescope.previewers.utils')
060.213  000.913  000.913: require('plenary.filetype')
060.473  000.260  000.260: require('plenary.scandir')
060.535  001.476  000.130: require('telescope.previewers.buffer_previewer')
060.537  001.635  000.039: require('telescope.previewers')
061.925  005.386  001.440: require('modules.plugins.telescope')
062.047  000.034  000.034: require('toggleterm.lazy')
062.080  000.032  000.032: require('toggleterm.constants')
062.137  000.056  000.056: require('toggleterm.terminal')
062.140  000.179  000.057: require('toggleterm')
062.218  000.039  000.039: require('toggleterm.colors')
062.257  000.038  000.038: require('toggleterm.utils')
062.261  000.120  000.043: require('toggleterm.config')
062.413  000.053  000.053: require('toggleterm.commandline')
062.421  000.495  000.142: require('modules.plugins.toggleterm')
062.422  010.929  000.035: require('modules.plugins')
062.423  048.955  000.047: sourcing /Users/david.eriksson/.config/nvim/init.lua
062.435  003.997: sourcing vimrc file(s)
063.190  000.011  000.011: sourcing /Users/david.eriksson/.local/share/nvim/site/pack/packer/start/luasnip/ftdetect/snippets.vim
063.305  000.007  000.007: sourcing /Users/david.eriksson/.local/share/nvim/site/pack/packer/start/neorg/ftdetect/norg.vim
063.730  000.008  000.008: sourcing /Users/david.eriksson/.local/share/nvim/site/pack/packer/start/vim-prettier/ftdetect/css.vim
063.800  000.011  000.011: sourcing /Users/david.eriksson/.local/share/nvim/site/pack/packer/start/vim-prettier/ftdetect/graphql.vim
063.863  000.007  000.007: sourcing /Users/david.eriksson/.local/share/nvim/site/pack/packer/start/vim-prettier/ftdetect/html.vim
063.932  000.008  000.008: sourcing /Users/david.eriksson/.local/share/nvim/site/pack/packer/start/vim-prettier/ftdetect/javascript.vim
063.993  000.007  000.007: sourcing /Users/david.eriksson/.local/share/nvim/site/pack/packer/start/vim-prettier/ftdetect/json.vim
064.061  000.008  000.008: sourcing /Users/david.eriksson/.local/share/nvim/site/pack/packer/start/vim-prettier/ftdetect/less.vim
064.142  000.008  000.008: sourcing /Users/david.eriksson/.local/share/nvim/site/pack/packer/start/vim-prettier/ftdetect/lua.vim
064.216  000.019  000.019: sourcing /Users/david.eriksson/.local/share/nvim/site/pack/packer/start/vim-prettier/ftdetect/markdown.vim
064.280  000.008  000.008: sourcing /Users/david.eriksson/.local/share/nvim/site/pack/packer/start/vim-prettier/ftdetect/php.vim
064.347  000.009  000.009: sourcing /Users/david.eriksson/.local/share/nvim/site/pack/packer/start/vim-prettier/ftdetect/ruby.vim
064.411  000.009  000.009: sourcing /Users/david.eriksson/.local/share/nvim/site/pack/packer/start/vim-prettier/ftdetect/scss.vim
064.478  000.010  000.010: sourcing /Users/david.eriksson/.local/share/nvim/site/pack/packer/start/vim-prettier/ftdetect/svelte.vim
064.544  000.013  000.013: sourcing /Users/david.eriksson/.local/share/nvim/site/pack/packer/start/vim-prettier/ftdetect/typescript.vim
064.608  000.010  000.010: sourcing /Users/david.eriksson/.local/share/nvim/site/pack/packer/start/vim-prettier/ftdetect/vue.vim
064.677  000.010  000.010: sourcing /Users/david.eriksson/.local/share/nvim/site/pack/packer/start/vim-prettier/ftdetect/xml.vim
064.743  000.011  000.011: sourcing /Users/david.eriksson/.local/share/nvim/site/pack/packer/start/vim-prettier/ftdetect/yaml.vim
065.165  002.258  002.083: sourcing /opt/homebrew/Cellar/neovim/HEAD-3de2a7f/share/nvim/runtime/filetype.lua
065.632  000.047  000.047: sourcing /opt/homebrew/Cellar/neovim/HEAD-3de2a7f/share/nvim/runtime/syntax/synload.vim
065.680  000.380  000.333: sourcing /opt/homebrew/Cellar/neovim/HEAD-3de2a7f/share/nvim/runtime/syntax/syntax.vim
067.781  000.083  000.083: sourcing /opt/homebrew/Cellar/neovim/HEAD-3de2a7f/share/nvim/runtime/plugin/gzip.vim
067.847  000.007  000.007: sourcing /opt/homebrew/Cellar/neovim/HEAD-3de2a7f/share/nvim/runtime/plugin/health.vim
068.741  000.107  000.107: sourcing /opt/homebrew/Cellar/neovim/HEAD-3de2a7f/share/nvim/runtime/pack/dist/opt/matchit/plugin/matchit.vim
068.862  000.961  000.854: sourcing /opt/homebrew/Cellar/neovim/HEAD-3de2a7f/share/nvim/runtime/plugin/matchit.vim
069.001  000.085  000.085: sourcing /opt/homebrew/Cellar/neovim/HEAD-3de2a7f/share/nvim/runtime/plugin/matchparen.vim
069.242  000.180  000.180: sourcing /opt/homebrew/Cellar/neovim/HEAD-3de2a7f/share/nvim/runtime/plugin/netrwPlugin.vim
069.445  000.008  000.008: sourcing /Users/david.eriksson/.local/share/nvim/rplugin.vim
069.450  000.144  000.135: sourcing /opt/homebrew/Cellar/neovim/HEAD-3de2a7f/share/nvim/runtime/plugin/rplugin.vim
069.543  000.038  000.038: sourcing /opt/homebrew/Cellar/neovim/HEAD-3de2a7f/share/nvim/runtime/plugin/shada.vim
069.617  000.013  000.013: sourcing /opt/homebrew/Cellar/neovim/HEAD-3de2a7f/share/nvim/runtime/plugin/spellfile.vim
069.726  000.054  000.054: sourcing /opt/homebrew/Cellar/neovim/HEAD-3de2a7f/share/nvim/runtime/plugin/tarPlugin.vim
069.845  000.061  000.061: sourcing /opt/homebrew/Cellar/neovim/HEAD-3de2a7f/share/nvim/runtime/plugin/tohtml.vim
069.918  000.012  000.012: sourcing /opt/homebrew/Cellar/neovim/HEAD-3de2a7f/share/nvim/runtime/plugin/tutor.vim
070.051  000.075  000.075: sourcing /opt/homebrew/Cellar/neovim/HEAD-3de2a7f/share/nvim/runtime/plugin/zipPlugin.vim
070.603  000.026  000.026: sourcing /opt/homebrew/Cellar/neovim/HEAD-3de2a7f/share/nvim/runtime/plugin/man.lua
070.627  003.815: loading rtp plugins
074.329  000.174  000.174: sourcing /Users/david.eriksson/.local/share/nvim/site/pack/packer/start/blamer.nvim/autoload/blamer.vim
074.362  002.708  002.534: sourcing /Users/david.eriksson/.local/share/nvim/site/pack/packer/start/blamer.nvim/plugin/blamer.vim
075.359  000.040  000.040: require('Comment.config')
075.452  000.053  000.053: require('Comment.ft')
075.454  000.094  000.041: require('Comment.utils')
075.490  000.035  000.035: require('Comment.opfunc')
075.524  000.032  000.032: require('Comment.extra')
075.526  000.267  000.065: require('Comment.api')
075.639  000.400  000.133: sourcing /Users/david.eriksson/.local/share/nvim/site/pack/packer/start/Comment.nvim/plugin/Comment.lua
076.021  000.031  000.031: require('vim.ui')
076.030  000.071  000.041: require('dressing.patch')
076.031  000.108  000.037: require('dressing')
076.035  000.128  000.020: sourcing /Users/david.eriksson/.local/share/nvim/site/pack/packer/start/dressing.nvim/plugin/dressing.lua
076.244  000.030  000.030: sourcing /Users/david.eriksson/.local/share/nvim/site/pack/packer/start/formatter.nvim/plugin/formatter.vim
076.866  000.091  000.091: sourcing /Users/david.eriksson/.local/share/nvim/site/pack/packer/start/hop.nvim/plugin/hop.vim
077.341  000.042  000.042: require('indent_blankline/utils')
077.342  000.098  000.056: require('indent_blankline')
077.459  000.038  000.038: require('indent_blankline.commands')
077.509  000.302  000.166: sourcing /Users/david.eriksson/.local/share/nvim/site/pack/packer/start/indent-blankline.nvim/plugin/indent_blankline.vim
077.874  000.105  000.105: sourcing /Users/david.eriksson/.local/share/nvim/site/pack/packer/start/lazygit.nvim/plugin/lazygit.vim
078.521  000.089  000.089: sourcing /Users/david.eriksson/.local/share/nvim/site/pack/packer/start/luasnip/plugin/luasnip.vim
078.855  000.019  000.019: sourcing /Users/david.eriksson/.local/share/nvim/site/pack/packer/start/neogit/plugin/neogit.lua
079.547  000.042  000.042: require('cmp.utils.api')
079.611  000.031  000.031: require('cmp.types.cmp')
079.682  000.035  000.035: require('cmp.utils.misc')
079.690  000.078  000.043: require('cmp.types.lsp')
079.720  000.029  000.029: require('cmp.types.vim')
079.721  000.173  000.035: require('cmp.types')
079.752  000.030  000.030: require('cmp.utils.highlight')
079.815  000.029  000.029: require('cmp.utils.debug')
079.819  000.066  000.037: require('cmp.utils.autocmd')
079.937  000.457  000.145: sourcing /Users/david.eriksson/.local/share/nvim/site/pack/packer/start/nvim-cmp/plugin/cmp.lua
080.156  000.022  000.022: sourcing /Users/david.eriksson/.local/share/nvim/site/pack/packer/start/nvim-colorizer.lua/plugin/colorizer.vim
080.451  000.053  000.053: sourcing /Users/david.eriksson/.local/share/nvim/site/pack/packer/start/nvim-lsp-installer/plugin/nvim-lsp-installer.vim
080.956  000.063  000.063: sourcing /Users/david.eriksson/.local/share/nvim/site/pack/packer/start/nvim-lspconfig/plugin/lspconfig.lua
081.573  000.211  000.211: sourcing /Users/david.eriksson/.local/share/nvim/site/pack/packer/start/nvim-treesitter/plugin/nvim-treesitter.lua
081.929  000.031  000.031: require('nvim-ts-autotag._log')
081.934  000.068  000.037: require('nvim-ts-autotag.utils')
081.939  000.118  000.051: require('nvim-ts-autotag.internal')
081.940  000.162  000.043: require('nvim-ts-autotag')
081.950  000.185  000.023: sourcing /Users/david.eriksson/.local/share/nvim/site/pack/packer/start/nvim-ts-autotag/plugin/nvim-ts-autotag.vim
082.257  000.038  000.038: require('ts_context_commentstring')
082.273  000.067  000.029: sourcing /Users/david.eriksson/.local/share/nvim/site/pack/packer/start/nvim-ts-context-commentstring/plugin/ts_context_commentstring.vim
082.552  000.023  000.023: sourcing /Users/david.eriksson/.local/share/nvim/site/pack/packer/start/nvim-web-devicons/plugin/nvim-web-devicons.vim
083.031  000.037  000.037: require('nvim-treesitter-playground')
083.090  000.115  000.078: sourcing /Users/david.eriksson/.local/share/nvim/site/pack/packer/start/playground/plugin/nvim-treesitter-playground.lua
083.298  000.024  000.024: sourcing /Users/david.eriksson/.local/share/nvim/site/pack/packer/start/plenary.nvim/plugin/plenary.vim
084.033  000.168  000.168: sourcing /Users/david.eriksson/.local/share/nvim/site/pack/packer/start/telescope.nvim/plugin/telescope.lua
084.329  000.034  000.034: sourcing /Users/david.eriksson/.local/share/nvim/site/pack/packer/start/trouble.nvim/plugin/trouble.vim
084.668  000.031  000.031: sourcing /Users/david.eriksson/.local/share/nvim/site/pack/packer/start/true-zen.nvim/plugin/true-zen.lua
084.983  000.138  000.138: sourcing /Users/david.eriksson/.local/share/nvim/site/pack/packer/start/vim-prettier/plugin/prettier.vim
085.346  000.114  000.114: sourcing /Users/david.eriksson/.local/share/nvim/site/pack/packer/start/vim-rooter/plugin/rooter.vim
085.808  000.200  000.200: sourcing /Users/david.eriksson/.local/share/nvim/site/pack/packer/start/vim-surround/plugin/surround.vim
086.095  000.017  000.017: sourcing /Users/david.eriksson/.local/share/nvim/site/pack/packer/start/which-key.nvim/plugin/which-key.vim
086.291  009.870: loading packages
087.453  000.045  000.045: require('cmp.utils.char')
087.457  000.084  000.039: require('cmp.utils.str')
087.493  000.035  000.035: require('cmp.utils.pattern')
087.593  000.030  000.030: require('cmp.utils.buffer')
087.595  000.070  000.040: require('cmp.utils.keymap')
087.597  000.103  000.033: require('cmp.utils.feedkeys')
087.633  000.035  000.035: require('cmp.utils.async')
087.695  000.030  000.030: require('cmp.utils.cache')
087.697  000.063  000.034: require('cmp.context')
087.813  000.036  000.036: require('cmp.config.mapping')
087.885  000.036  000.036: require('cmp.config.compare')
087.886  000.072  000.036: require('cmp.config.default')
087.892  000.150  000.042: require('cmp.config')
087.965  000.030  000.030: require('cmp.matcher')
087.971  000.078  000.048: require('cmp.entry')
087.974  000.276  000.048: require('cmp.source')
088.038  000.030  000.030: require('cmp.utils.event')
088.111  000.037  000.037: require('cmp.utils.window')
088.112  000.073  000.036: require('cmp.view.docs_view')
088.158  000.045  000.045: require('cmp.view.custom_entries_view')
088.199  000.040  000.040: require('cmp.view.wildmenu_entries_view')
088.234  000.034  000.034: require('cmp.view.native_entries_view')
088.274  000.040  000.040: require('cmp.view.ghost_text_view')
088.278  000.303  000.041: require('cmp.view')
088.297  000.976  000.075: require('cmp.core')
088.380  000.035  000.035: require('cmp.config.sources')
088.411  000.031  000.031: require('cmp.config.window')
088.429  001.158  000.117: require('cmp')
088.561  000.031  000.031: require('cmp_buffer.timer')
088.563  000.067  000.036: require('cmp_buffer.buffer')
088.564  000.101  000.034: require('cmp_buffer.source')
088.565  000.136  000.035: require('cmp_buffer')
088.580  001.330  000.036: sourcing /Users/david.eriksson/.local/share/nvim/site/pack/packer/start/cmp-buffer/after/plugin/cmp_buffer.lua
088.746  000.025  000.025: sourcing /Users/david.eriksson/.local/share/nvim/site/pack/packer/start/cmp-nvim-lsp/after/plugin/cmp_nvim_lsp.lua
088.966  000.045  000.045: require('cmp_nvim_lsp_signature_help')
088.972  000.072  000.027: sourcing /Users/david.eriksson/.local/share/nvim/site/pack/packer/start/cmp-nvim-lsp-signature-help/after/plugin/cmp_nvim_lsp_signature_help.lua
089.166  000.036  000.036: require('cmp_nvim_lua')
089.173  000.063  000.027: sourcing /Users/david.eriksson/.local/share/nvim/site/pack/packer/start/cmp-nvim-lua/after/plugin/cmp_nvim_lua.lua
089.383  000.047  000.047: require('cmp_path')
089.388  000.071  000.024: sourcing /Users/david.eriksson/.local/share/nvim/site/pack/packer/start/cmp-path/after/plugin/cmp_path.lua
089.592  000.036  000.036: require('cmp_luasnip')
089.604  000.069  000.033: sourcing /Users/david.eriksson/.local/share/nvim/site/pack/packer/start/cmp_luasnip/after/plugin/cmp_luasnip.lua
090.237  000.048  000.048: require('alpha')
090.284  000.047  000.047: require('alpha.themes.dashboard')
091.269  001.100  001.005: sourcing /Users/david.eriksson/.config/nvim/after/plugin/alpha.lua
091.355  000.023  000.023: sourcing /Users/david.eriksson/.config/nvim/after/plugin/autotag.lua
091.436  000.028  000.028: sourcing /Users/david.eriksson/.config/nvim/after/plugin/blankline.lua
091.586  000.032  000.032: require('bufferline.lazy')
091.620  000.032  000.032: require('bufferline.constants')
091.661  000.040  000.040: require('bufferline.commands')
091.665  000.159  000.055: require('bufferline')
091.759  000.093  000.093: require('bufferline.utils')
091.816  000.056  000.056: require('bufferline.config')
091.910  000.089  000.089: require('bufferline.groups')
091.956  000.032  000.032: require('bufferline.colors')
092.111  000.048  000.048: require('bufferline.highlights')
092.520  000.042  000.042: require('bufferline.hover')
092.592  000.052  000.052: require('bufferline.ui')
092.613  001.120  000.550: sourcing /Users/david.eriksson/.config/nvim/after/plugin/bufferline.lua
092.827  000.034  000.034: require('nvim-autopairs._log')
092.863  000.035  000.035: require('nvim-autopairs.utils')
092.974  000.038  000.038: require('nvim-autopairs.conds')
092.976  000.074  000.036: require('nvim-autopairs.rule')
092.977  000.113  000.039: require('nvim-autopairs.rules.basic')
092.981  000.244  000.061: require('nvim-autopairs')
093.016  000.034  000.034: require('nvim-autopairs.completion.handlers')
093.018  000.317  000.040: require('nvim-autopairs.completion.cmp')
093.091  000.034  000.034: require('luasnip.loaders.util')
093.126  000.034  000.034: require('luasnip.nodes.snippetProxy')
093.128  000.109  000.041: require('luasnip/loaders/from_vscode')
099.861  007.181  006.754: sourcing /Users/david.eriksson/.config/nvim/after/plugin/cmp.lua
099.987  000.048  000.048: require('Comment')
100.039  000.117  000.069: sourcing /Users/david.eriksson/.config/nvim/after/plugin/comment.lua
100.240  000.042  000.042: require('neodev')
100.241  000.135  000.094: require('lua-dev')
100.278  000.036  000.036: require('neodev.config')
100.382  000.049  000.049: require('neodev.util')
100.383  000.087  000.038: require('neodev.lsp')
101.057  000.964  000.705: sourcing /Users/david.eriksson/.config/nvim/after/plugin/devlua.lua
101.240  000.102  000.102: require('dressing.config')
101.343  000.231  000.128: sourcing /Users/david.eriksson/.config/nvim/after/plugin/dressing.lua
101.526  000.035  000.035: require('gitsigns.async')
101.561  000.033  000.033: require('gitsigns.status')
101.644  000.035  000.035: require('gitsigns.debug')
101.682  000.037  000.037: require('gitsigns.util')
101.751  000.032  000.032: require('gitsigns.uv')
101.752  000.069  000.037: require('gitsigns.subprocess')
101.897  000.032  000.032: require('gitsigns.message')
101.904  000.084  000.052: require('gitsigns.config')
101.935  000.030  000.030: require('gitsigns.signs.base')
101.936  000.148  000.035: require('gitsigns.signs')
101.938  000.185  000.037: require('gitsigns.hunks')
101.942  000.380  000.053: require('gitsigns.git')
102.017  000.031  000.031: require('gitsigns.cache')
102.051  000.033  000.033: require('gitsigns.debounce')
102.085  000.032  000.032: require('gitsigns.diff')
102.089  000.147  000.051: require('gitsigns.manager')
102.128  000.038  000.038: require('gitsigns.highlight')
102.132  000.698  000.066: require('gitsigns')
102.542  000.049  000.049: require('trouble.config')
102.544  000.092  000.043: require('trouble.util')
102.577  000.032  000.032: require('trouble.providers.qf')
102.611  000.034  000.034: require('trouble.providers.telescope')
102.647  000.035  000.035: require('trouble.providers.lsp')
102.678  000.030  000.030: require('trouble.providers.diagnostic')
102.679  000.262  000.039: require('trouble.providers')
102.711  000.030  000.030: require('trouble.text')
102.740  000.029  000.029: require('trouble.folds')
102.741  000.357  000.037: require('trouble.renderer')
102.747  000.411  000.053: require('trouble.view')
102.790  000.042  000.042: require('trouble.colors')
102.818  000.522  000.070: require('trouble')
102.902  000.036  000.036: require('gitsigns.signs.vimfn')
104.223  002.811  001.555: sourcing /Users/david.eriksson/.config/nvim/after/plugin/gitsigns.lua
104.434  000.032  000.032: require('hop.perm')
104.436  000.068  000.036: require('hop.defaults')
104.498  000.029  000.029: require('hop.priority')
104.499  000.063  000.034: require('hop.hint')
104.571  000.031  000.031: require('hop.window')
104.573  000.073  000.042: require('hop.jump_target')
104.575  000.258  000.055: require('hop')
104.609  000.033  000.033: require('hop.highlight')
104.631  000.334  000.042: sourcing /Users/david.eriksson/.config/nvim/after/plugin/hop.lua
104.798  000.041  000.041: require('neogit.config')
104.965  000.038  000.038: require('neogit.lib.notification')
105.041  000.054  000.054: require('neogit.logger')
105.165  000.035  000.035: require('neogit.lib.mappings_manager')
105.273  000.034  000.034: require('neogit.lib.util')
105.275  000.069  000.034: require('neogit.lib.ui.component')
105.279  000.113  000.045: require('neogit.lib.ui')
105.282  000.198  000.050: require('neogit.lib.buffer')
105.285  000.243  000.045: require('neogit.process')
105.296  000.437  000.102: require('neogit.lib.git.cli')
105.367  000.034  000.034: require('neogit.lib.git.stash')
105.400  000.032  000.032: require('neogit.lib.collection')
105.401  000.105  000.039: require('neogit.lib.git.status')
105.512  000.038  000.038: require('neogit.lib.md5')
105.514  000.077  000.040: require('neogit.lib.git.diff')
105.515  000.113  000.035: require('neogit.lib.git.log')
105.587  000.037  000.037: require('neogit.lib.input')
105.589  000.073  000.035: require('neogit.lib.git.branch')
105.690  000.032  000.032: require('neogit.lib.rpc')
105.691  000.065  000.032: require('neogit.client')
105.722  000.030  000.030: require('neogit.lib.uv')
105.723  000.134  000.039: require('neogit.lib.git.rebase')
105.724  000.896  000.035: require('neogit.lib.git')
105.798  000.034  000.034: require('neogit.lib.popup.builder')
105.837  000.038  000.038: require('neogit.buffers.common')
105.883  000.043  000.043: require('neogit.lib.popup.lib')
105.885  000.160  000.045: require('neogit.lib.popup')
105.886  001.087  000.031: require('neogit.lib')
105.918  000.031  000.031: require('neogit.lib.signs')
105.999  000.047  000.047: require('neogit.lib.color')
106.001  000.082  000.035: require('neogit.lib.hl')
106.103  000.039  000.039: require('neogit.buffers.git_command_history')
106.172  000.031  000.031: require('neogit.buffers.commit_view.parsing')
106.205  000.033  000.033: require('neogit.buffers.commit_view.ui')
106.207  000.102  000.039: require('neogit.buffers.commit_view')
106.279  000.035  000.035: require('neogit.lib.git.pull')
106.313  000.033  000.033: require('neogit.lib.git.push')
106.315  000.107  000.039: require('neogit.lib.git.repository')
106.347  000.031  000.031: require('neogit.lib.functional')
106.383  000.036  000.036: require('neogit.lib.line_buffer')
106.417  000.034  000.034: require('neogit.lib.fs')
106.443  000.441  000.092: require('neogit.status')
106.513  000.035  000.035: require('neogit.popups.commit')
106.634  000.040  000.040: require('neogit.buffers.log_view.ui')
106.635  000.083  000.043: require('neogit.buffers.log_view')
106.636  000.122  000.040: require('neogit.popups.log')
106.673  000.036  000.036: require('neogit.popups.push')
106.704  000.030  000.030: require('neogit.popups.pull')
106.737  000.032  000.032: require('neogit.popups.stash')
106.766  000.029  000.029: require('neogit.popups.help')
106.768  000.324  000.039: require('neogit.popups')
106.896  000.039  000.039: require('neogit.autocmds')
106.901  002.197  000.152: require('neogit')
106.984  002.295  000.097: sourcing /Users/david.eriksson/.config/nvim/after/plugin/neogit.lua
107.134  000.033  000.033: require('neorg.callbacks')
107.207  000.035  000.035: require('neorg.external.log')
107.384  000.070  000.070: require('neorg.external.helpers')
107.572  000.290  000.220: require('neorg.config')
107.574  000.326  000.035: require('neorg.modules.base')
107.576  000.368  000.043: require('neorg.modules')
107.578  000.443  000.039: require('neorg.events')
107.579  000.514  000.038: require('neorg')
108.172  000.555  000.555: require('vim.filetype')
108.255  000.071  000.071: require('neorg.modules.core.presenter.module')
108.360  000.073  000.073: require('neorg.modules.core.queries.native.module')
108.447  000.074  000.074: require('neorg.modules.core.integrations.treesitter.module')
108.538  000.077  000.077: require('neorg.modules.core.highlights.module')
108.762  000.204  000.204: require('neorg.modules.core.autocommands.module')
110.991  000.093  000.093: require('neorg.modules.core.mode.module')
111.059  000.060  000.060: require('neorg.modules.core.keybinds.module')
111.116  000.054  000.054: require('neorg.modules.core.neorgcmd.module')
111.196  000.054  000.054: require('neorg.modules.core.neorgcmd.commands.module.list.module')
111.298  000.090  000.090: require('neorg.modules.core.ui.module')
111.993  000.058  000.058: require('neorg.modules.core.ui.selection_popup')
112.712  000.043  000.043: require('neorg.modules.core.ui.text_popup')
112.868  000.045  000.045: require('neorg.modules.core.neorgcmd.commands.module.load.module')
112.913  000.039  000.039: require('neorg.modules.core.neorgcmd.commands.return.module')
113.499  000.044  000.044: require('neorg.modules.core.keybinds.keybinds')
113.917  000.049  000.049: require('neorg.modules.core.integrations.truezen.module')
114.023  000.042  000.042: require('neorg.modules.core.defaults.module')
114.079  000.052  000.052: require('neorg.modules.core.looking-glass.module')
114.155  000.063  000.063: require('neorg.modules.core.norg.esupports.hop.module')
114.237  000.054  000.054: require('neorg.modules.core.norg.dirman.utils.module')
114.296  000.050  000.050: require('neorg.modules.core.norg.esupports.indent.module')
114.361  000.046  000.046: require('neorg.modules.core.norg.esupports.metagen.module')
114.455  000.076  000.076: require('neorg.modules.core.norg.journal.module')
114.552  000.086  000.086: require('neorg.modules.core.norg.dirman.module')
114.612  000.047  000.047: require('neorg.modules.core.storage.module')
114.783  000.065  000.065: require('neorg.modules.core.norg.news.module')
115.074  000.134  000.134: require('neorg.modules.core.norg.qol.toc.module')
115.247  000.080  000.080: require('neorg.modules.core.norg.qol.todo_items.module')
115.387  000.074  000.074: require('neorg.modules.core.promo.module')
115.515  000.107  000.107: require('neorg.modules.core.syntax.module')
126.639  000.090  000.090: require('neorg.modules.core.tangle.module')
146.411  019.755  019.755: require('neorg.modules.core.norg.completion.module')
146.492  000.073  000.073: require('neorg.modules.core.integrations.nvim-cmp.module')
146.772  000.243  000.243: require('neorg.modules.core.norg.concealer.module')
147.449  000.087  000.087: require('neorg.modules.core.norg.concealer.preset_basic')
148.959  000.147  000.147: require('neorg.modules.core.norg.concealer.preset_varied')
150.171  000.132  000.132: require('neorg.modules.core.norg.concealer.preset_diamond')
151.040  043.991  020.291: sourcing /Users/david.eriksson/.config/nvim/after/plugin/neorg.lua
151.147  000.022  000.022: sourcing /Users/david.eriksson/.config/nvim/after/plugin/noice.lua
151.800  000.037  000.037: require('notify.util.queue')
151.801  000.089  000.052: require('notify.util')
151.885  000.083  000.083: require('notify.config.highlights')
151.887  000.224  000.052: require('notify.config')
151.929  000.041  000.041: require('notify.stages')
151.982  000.052  000.052: require('notify.service.notification')
152.111  000.039  000.039: require('notify.animate.spring')
152.112  000.081  000.042: require('notify.animate')
152.115  000.132  000.051: require('notify.windows')
152.251  000.051  000.051: require('notify.service.buffer.highlights')
152.254  000.100  000.049: require('notify.service.buffer')
152.256  000.140  000.040: require('notify.service')
152.311  000.052  000.052: require('notify.stages.util')
152.314  000.711  000.069: require('notify')
152.363  000.046  000.046: require('nvim-tree.iterators.node-iterator')
152.393  000.853  000.097: require('nvim-tree.utils')
152.397  000.900  000.047: require('nvim-tree.events')
152.527  000.042  000.042: require('nvim-tree.log')
152.629  000.101  000.101: require('nvim-tree.git.utils')
152.674  000.045  000.045: require('nvim-tree.git.runner')
152.720  000.045  000.045: require('nvim-tree.watcher')
152.723  000.281  000.048: require('nvim-tree.git')
152.769  000.045  000.045: require('nvim-tree.explorer.watch')
152.813  000.043  000.043: require('nvim-tree.explorer.common')
152.899  000.041  000.041: require('nvim-tree.explorer.node-builders')
152.941  000.042  000.042: require('nvim-tree.explorer.sorters')
152.983  000.041  000.041: require('nvim-tree.explorer.filters')
153.137  000.088  000.088: require('nvim-tree.view')
153.142  000.138  000.050: require('nvim-tree.live-filter')
153.147  000.334  000.072: require('nvim-tree.explorer.explore')
153.191  000.043  000.043: require('nvim-tree.explorer.reload')
153.193  000.795  000.049: require('nvim-tree.explorer')
153.194  001.740  000.045: require('nvim-tree.core')
153.244  000.049  000.049: require('nvim-tree.diagnostics')
153.289  000.040  000.040: require('nvim-tree.renderer.components.padding')
153.331  000.042  000.042: require('nvim-tree.renderer.components.icons')
153.374  000.042  000.042: require('nvim-tree.renderer.components.full-name')
153.420  000.045  000.045: require('nvim-tree.renderer.help')
153.472  000.052  000.052: require('nvim-tree.renderer.components.git')
153.549  000.076  000.076: require('nvim-tree.renderer.builder')
153.603  000.053  000.053: require('nvim-tree.marks')
153.606  002.204  000.065: require('nvim-tree.renderer')
153.658  000.049  000.049: require('nvim-tree.actions.tree-modifiers.collapse-all')
153.716  000.057  000.057: require('nvim-tree.actions.root.dir-up')
153.770  000.054  000.054: require('nvim-tree.actions.root.change-dir')
153.819  000.048  000.048: require('nvim-tree.actions.reloaders.reloaders')
153.862  000.042  000.042: require('nvim-tree.actions.finders.find-file')
153.863  002.534  000.080: require('nvim-tree.lib')
153.915  000.051  000.051: require('nvim-tree.colors')
153.973  000.057  000.057: require('nvim-tree.legacy')
154.027  000.053  000.053: require('nvim-tree.actions.fs.copy-paste')
154.123  000.044  000.044: require('nvim-tree.actions.tree-modifiers.expand-all')
154.168  000.042  000.042: require('nvim-tree.actions.tree-modifiers.toggles')
154.213  000.043  000.043: require('nvim-tree.actions.fs.create-file')
154.254  000.040  000.040: require('nvim-tree.actions.fs.rename-file')
154.304  000.050  000.050: require('nvim-tree.actions.fs.trash')
154.353  000.048  000.048: require('nvim-tree.actions.fs.remove-file')
154.398  000.044  000.044: require('nvim-tree.actions.moves.parent')
154.440  000.041  000.041: require('nvim-tree.actions.moves.sibling')
154.494  000.053  000.053: require('nvim-tree.actions.moves.item')
154.535  000.039  000.039: require('nvim-tree.actions.finders.search-node')
154.582  000.046  000.046: require('nvim-tree.actions.node.run-command')
154.633  000.051  000.051: require('nvim-tree.actions.node.file-popup')
154.696  000.062  000.062: require('nvim-tree.actions.node.system-open')
154.745  000.044  000.044: require('nvim-tree.marks.bulk-move')
154.747  000.715  000.069: require('nvim-tree.actions.dispatch')
154.763  003.527  000.117: require('nvim-tree')
156.189  000.121  000.121: require('nvim-tree.actions')
156.259  000.067  000.067: require('nvim-tree.actions.node.open-file')
157.009  000.054  000.054: require('nvim-tree.marks.navigation')
157.012  000.143  000.089: require('nvim-tree.api')
157.023  000.208  000.065: require('nvim-tree.keymap')
157.505  000.218  000.218: require('nvim-web-devicons')
161.661  010.450  006.309: sourcing /Users/david.eriksson/.config/nvim/after/plugin/nvim-tree.lua
161.844  000.051  000.051: sourcing /Users/david.eriksson/.config/nvim/after/plugin/refactoring.lua
161.847  003.210: loading after plugins
161.855  000.008: inits 3
163.496  001.642: reading ShaDa
163.959  000.132  000.132: require('nvim-treesitter.indent')
164.435  000.114  000.114: require('luasnip.loaders.from_lua')
164.585  000.127  000.127: require('luasnip.loaders.from_snipmate')
164.800  000.147  000.147: require('luasnip.loaders.from_vscode')
164.972  000.956: opening buffers
165.334  000.104  000.104: require('bufferline.state')
165.437  000.361: BufEnter autocommands
165.438  000.001: editing files in windows
170.458  000.087  000.087: require('nvim-treesitter.highlight')
171.000  000.090  000.090: require('nvim-treesitter.incremental_selection')
171.439  000.121  000.121: require('nvim-treesitter-playground.utils')
171.445  000.299  000.178: require('nvim-treesitter-playground.printer')
171.532  000.086  000.086: require('nvim-treesitter-playground.query')
171.693  000.133  000.133: require('nvim-treesitter-playground.promise')
171.756  000.711  000.193: require('nvim-treesitter-playground.internal')
173.295  006.969: VimEnter autocommands
173.297  000.001: UIEnter autocommands
173.733  000.118  000.118: sourcing /opt/homebrew/Cellar/neovim/HEAD-3de2a7f/share/nvim/runtime/autoload/provider/clipboard.vim
173.740  000.325: before starting main loop
174.622  000.048  000.048: require('bufferline.pick')
174.663  000.040  000.040: require('bufferline.duplicates')
174.739  000.075  000.075: require('bufferline.diagnostics')
174.791  000.051  000.051: require('bufferline.models')
174.792  000.285  000.072: require('bufferline.buffers')
174.903  000.040  000.040: require('bufferline.sorters')
174.949  000.040  000.040: require('bufferline.tabpages')
175.016  000.038  000.038: require('bufferline.offset')
175.056  000.038  000.038: require('bufferline.custom_area')
175.291  001.110: first screen update
175.294  000.003: --- NVIM STARTED ---
